[debug] [2023-06-14T22:03:17.376Z] ----------------------------------------------------------------------
[debug] [2023-06-14T22:03:17.380Z] Command:       C:\Program Files\nodejs\node.exe C:\Users\henry\AppData\Roaming\npm\node_modules\firebase-tools\lib\bin\firebase.js init
[debug] [2023-06-14T22:03:17.381Z] CLI Version:   12.3.1
[debug] [2023-06-14T22:03:17.381Z] Platform:      win32
[debug] [2023-06-14T22:03:17.382Z] Node Version:  v18.15.0
[debug] [2023-06-14T22:03:17.384Z] Time:          Wed Jun 14 2023 17:03:17 GMT-0500 (hora estándar de Colombia)
[debug] [2023-06-14T22:03:17.384Z] ----------------------------------------------------------------------
[debug] 
[debug] [2023-06-14T22:03:17.399Z] > command requires scopes: ["email","openid","https://www.googleapis.com/auth/cloudplatformprojects.readonly","https://www.googleapis.com/auth/firebase","https://www.googleapis.com/auth/cloud-platform"]
[debug] [2023-06-14T22:03:17.400Z] > authorizing via signed-in user (henrypcv1995@gmail.com)
[info] 
     ######## #### ########  ######## ########     ###     ######  ########
     ##        ##  ##     ## ##       ##     ##  ##   ##  ##       ##
     ######    ##  ########  ######   ########  #########  ######  ######
     ##        ##  ##    ##  ##       ##     ## ##     ##       ## ##
     ##       #### ##     ## ######## ########  ##     ##  ######  ########

You're about to initialize a Firebase project in this directory:

  C:\Users\henry\Documents\cursos\proyectos\portfolio

[info] 
=== Project Setup
[info] 
[info] First, let's associate this project directory with a Firebase project.
[info] You can create multiple project aliases by running firebase use --add, 
[info] but for now we'll just set up a default project.
[info] 
[debug] [2023-06-14T22:04:13.318Z] >>> [apiv2][query] GET https://firebase.googleapis.com/v1beta1/projects pageSize=100
[debug] [2023-06-14T22:04:13.988Z] <<< [apiv2][status] GET https://firebase.googleapis.com/v1beta1/projects 200
[debug] [2023-06-14T22:04:13.988Z] <<< [apiv2][body] GET https://firebase.googleapis.com/v1beta1/projects [omitted]
[info] i  Using project portfolio-henry-cv (portfolio-henry-cv) 
[info] 
=== Hosting Setup
[info] 
[info] Your public directory is the folder (relative to your project directory) that
[info] will contain Hosting assets to be uploaded with firebase deploy. If you
[info] have a build process for your assets, use your build's output directory.
[info] 
